738978
109827
1368129
861 1589
2.17701
bk4 0 0 133 560
bk13 133 0 273 497
bk17a 0 742 371 924
bk20 672 567 854 917
bk12 371 1169 777 1309
bk8b 133 497 511 623
bk10a 119 1120 238 1498
bk1 490 133 826 266
bk8a 273 273 483 483
bk21 511 399 651 714
bk9c 238 1470 595 1589
bk6 238 1155 371 1470
bk3 546 1036 861 1169
bk15b 0 924 119 1260
bk2 532 0 826 133
bk18 427 833 609 1036
bk17b 672 266 854 469
bk14b 133 623 427 742
bk15a 595 1428 861 1547
bk5c 238 924 371 1155
bk14a 119 924 238 1120
bk5b 357 0 532 133
bk10b 455 1309 595 1470
bk9a 644 1309 826 1428
bk11 672 917 847 1036
bk14c 511 714 672 833
bk5a 357 133 490 273
bk7 672 469 854 567
bk16 483 273 602 399
bk9b 427 1036 546 1155
bk9d 371 1309 455 1428
bk19 273 0 357 119
bk10c 595 1309 644 1428
