2.91551e+07
1.25597e+06
38454808
5222 7364
35.2321
M001 448 2086 2156 5320
M002 798 5320 1470 6874
M003 2282 6356 4466 7364
M004 2128 0 5208 1610
M005 2800 1610 3332 2996
M006 3332 1610 5194 2492
M007 1344 1120 1694 1988
M008 2156 1610 2800 2856
M009 2156 2996 3136 3458
M010 3640 3444 3934 4060
M011 1302 0 2128 378
M012 3934 3444 4732 3850
M013 3374 3444 3640 4116
M014 1876 6440 2282 7364
M015 0 4340 406 5180
M016 1834 5320 2156 6118
M017 1484 6440 1876 7196
M018 2282 5964 3360 6356
M019 2156 4550 2548 5376
M020 2156 5712 2954 5964
M021 1694 1190 2086 2016
M022 392 1722 1344 2086
M023 0 1232 1134 1722
M024 1470 6174 2268 6440
M025 4270 5670 5054 5992
M026 448 5320 798 6048
M027 4732 4438 5096 5278
M028 3752 5292 4270 6356
M029 4732 3444 5222 4438
M030 3374 4564 4676 5292
M031 3360 5292 3752 6342
M032 4270 5292 5054 5670
M033 3332 2492 5222 3444
M034 4466 5992 5026 7140
M035 630 6874 1484 7266
M036 3374 4116 4368 4564
M037 2156 3458 3374 4018
M038 0 2590 448 3556
M039 0 3556 364 4340
M040 0 1722 392 2590
M041 1470 5320 1834 6174
M042 630 6048 798 6426
M043 2156 4018 3066 4550
M044 0 6048 630 7350
M045 2548 4550 3220 5712
M046 0 728 1204 1232
M047 1694 378 2128 1190
M048 0 0 1302 728
M049 1302 378 1694 1120
