Benchmark: ibm01-cu85
HPWL: 5899472
Memory usage: 8.3 MB
Core region: (-33330,-33208)-(33396,33320)

////// Global Placement ///////
mb: 2.29835

HPWL: 499788418

////// Legalization ///////
macro size: 0
-----------------legalization success!

HPWL: 547521575 (9.55%)

////// Detail Placement ///////
 run: 0 HPWL=452213051 (-17.407%)(-17.407%)   time: 0 sec   all: 0 sec
 run: 1 HPWL=403668486 (-10.735%)(-26.274%)   time: 0 sec   all: 0 sec
 run: 2 HPWL=349878898 (-13.325%)(-36.098%)   time: 0 sec   all: 0 sec
 run: 3 HPWL=318283242 (-9.030%)(-41.868%)   time: 0 sec   all: 0 sec
 run: 4 HPWL=288206671 (-9.450%)(-47.362%)   time: 0 sec   all: 0 sec
 run: 5 HPWL=269177202 (-6.603%)(-50.837%)   time: 0 sec   all: 0 sec
 run: 6 HPWL=251582039 (-6.537%)(-54.051%)   time: 0 sec   all: 0 sec
 run: 7 HPWL=239361079 (-4.858%)(-56.283%)   time: 0 sec   all: 0 sec
 run: 8 HPWL=229162096 (-4.261%)(-58.146%)   time: 0 sec   all: 0 sec
 run: 9 HPWL=221482159 (-3.351%)(-59.548%)   time: 0 sec   all: 0 sec
 run:10 HPWL=216567385 (-2.219%)(-60.446%)   time: 0 sec   all: 1 sec
 run:11 HPWL=213025407 (-1.636%)(-61.093%)   time: 0 sec   all: 1 sec
 run:12 HPWL=210102138 (-1.372%)(-61.627%)   time: 0 sec   all: 1 sec
 run:13 HPWL=207824974 (-1.084%)(-62.043%)   time: 0 sec   all: 1 sec
 run:14 HPWL=205209891 (-1.258%)(-62.520%)   time: 0 sec   all: 1 sec
 run:15 HPWL=203544283 (-0.812%)(-62.824%)   time: 0 sec   all: 2 sec
 run:16 HPWL=202377440 (-0.573%)(-63.038%)   time: 0 sec   all: 2 sec
 run:17 HPWL=201002682 (-0.679%)(-63.289%)   time: 0 sec   all: 2 sec
 run:18 HPWL=199970397 (-0.514%)(-63.477%)   time: 0 sec   all: 2 sec
 run:19 HPWL=198925324 (-0.523%)(-63.668%)   time: 0 sec   all: 2 sec
 run:20 HPWL=198222580 (-0.353%)(-63.796%)   time: 0 sec   all: 2 sec
 run:21 HPWL=197517474 (-0.356%)(-63.925%)   time: 0 sec   all: 3 sec
 run:22 HPWL=196894688 (-0.315%)(-64.039%)   time: 0 sec   all: 3 sec
 run:23 HPWL=196322164 (-0.291%)(-64.143%)   time: 0 sec   all: 3 sec
 run:24 HPWL=195902952 (-0.214%)(-64.220%)   time: 0 sec   all: 3 sec
 run:25 HPWL=195560640 (-0.175%)(-64.283%)   time: 0 sec   all: 3 sec
 run:26 HPWL=195305274 (-0.131%)(-64.329%)   time: 0 sec   all: 4 sec

HPWL: 195305274 (-64.33%)


////////////////////
Benchmark: ibm01-cu85

Global HPWL: 499788418   Time:   36.0 sec (0.6 min)
 Legal HPWL: 547521575   Time:    3.0 sec (0.1 min)
Detail HPWL: 195305274   Time:    7.0 sec (0.1 min)
 ===================================================================
       HPWL: 195305274   Time:   46.0 sec (0.8 min)
Benchmark: ibm05
HPWL: 10728134
Memory usage: 17.9 MB
Core region: (0,0)-(2360,2368)

////// Global Placement ///////
mb: 2.16094

HPWL: 55681908

////// Legalization ///////
macro size: 0
-legalization success!

HPWL: 53553965 (-3.82%)

////// Detail Placement ///////
 run: 0 HPWL=46487102 (-13.196%)(-13.196%)   time: 0 sec   all: 0 sec
 run: 1 HPWL=42204676 (-9.212%)(-21.192%)   time: 0 sec   all: 0 sec
 run: 2 HPWL=37682442 (-10.715%)(-29.637%)   time: 0 sec   all: 1 sec
 run: 3 HPWL=34478258 (-8.503%)(-35.620%)   time: 0 sec   all: 1 sec
 run: 4 HPWL=31302047 (-9.212%)(-41.550%)   time: 0 sec   all: 1 sec
 run: 5 HPWL=29014212 (-7.309%)(-45.822%)   time: 0 sec   all: 2 sec
 run: 6 HPWL=26823457 (-7.551%)(-49.913%)   time: 0 sec   all: 2 sec
 run: 7 HPWL=25417816 (-5.240%)(-52.538%)   time: 0 sec   all: 3 sec
 run: 8 HPWL=24193749 (-4.816%)(-54.824%)   time: 0 sec   all: 3 sec
 run: 9 HPWL=23391533 (-3.316%)(-56.322%)   time: 0 sec   all: 4 sec
 run:10 HPWL=22599831 (-3.385%)(-57.800%)   time: 0 sec   all: 5 sec
 run:11 HPWL=22042421 (-2.466%)(-58.841%)   time: 0 sec   all: 5 sec
 run:12 HPWL=21642304 (-1.815%)(-59.588%)   time: 0 sec   all: 6 sec
 run:13 HPWL=21313890 (-1.517%)(-60.201%)   time: 0 sec   all: 7 sec
 run:14 HPWL=21071911 (-1.135%)(-60.653%)   time: 0 sec   all: 8 sec
 run:15 HPWL=20845935 (-1.072%)(-61.075%)   time: 0 sec   all: 9 sec
 run:16 HPWL=20708368 (-0.660%)(-61.332%)   time: 0 sec   all: 9 sec
 run:17 HPWL=20598657 (-0.530%)(-61.537%)   time: 0 sec   all: 10 sec
 run:18 HPWL=20496584 (-0.496%)(-61.727%)   time: 0 sec   all: 11 sec
 run:19 HPWL=20407597 (-0.434%)(-61.893%)   time: 0 sec   all: 12 sec
 run:20 HPWL=20330862 (-0.376%)(-62.037%)   time: 0 sec   all: 13 sec
 run:21 HPWL=20278576 (-0.257%)(-62.134%)   time: 0 sec   all: 13 sec
 run:22 HPWL=20230018 (-0.239%)(-62.225%)   time: 0 sec   all: 14 sec
 run:23 HPWL=20191241 (-0.192%)(-62.297%)   time: 0 sec   all: 15 sec
 run:24 HPWL=20149320 (-0.208%)(-62.376%)   time: 0 sec   all: 16 sec

HPWL: 20149320 (-62.38%)


////////////////////
Benchmark: ibm05

Global HPWL: 55681908   Time:  117.0 sec (1.9 min)
 Legal HPWL: 53553965   Time:    7.0 sec (0.1 min)
Detail HPWL: 20149320   Time:   23.0 sec (0.4 min)
 ===================================================================
       HPWL: 20149320   Time:  147.0 sec (2.5 min)
Benchmark: ibm02-cu90
HPWL: 7993661
Memory usage: 12.3 MB
Core region: (-38676,-38528)-(38742,38584)

////// Global Placement ///////
mb: 2.44131

HPWL: 1078338208

////// Legalization ///////
macro size: 0
-----------legalization success!

HPWL: 1142948713 (5.99%)

////// Detail Placement ///////
 run: 0 HPWL=986024411 (-13.730%)(-13.730%)   time: 0 sec   all: 0 sec
 run: 1 HPWL=892363935 (-9.499%)(-21.924%)   time: 0 sec   all: 0 sec
 run: 2 HPWL=788877597 (-11.597%)(-30.979%)   time: 0 sec   all: 0 sec
 run: 3 HPWL=723599948 (-8.275%)(-36.690%)   time: 0 sec   all: 0 sec
 run: 4 HPWL=661330887 (-8.605%)(-42.138%)   time: 0 sec   all: 0 sec
 run: 5 HPWL=618730461 (-6.442%)(-45.865%)   time: 0 sec   all: 1 sec
 run: 6 HPWL=576593827 (-6.810%)(-49.552%)   time: 0 sec   all: 1 sec
 run: 7 HPWL=547066295 (-5.121%)(-52.136%)   time: 0 sec   all: 1 sec
 run: 8 HPWL=520879787 (-4.787%)(-54.427%)   time: 0 sec   all: 1 sec
 run: 9 HPWL=501538666 (-3.713%)(-56.119%)   time: 0 sec   all: 1 sec
 run:10 HPWL=487124156 (-2.874%)(-57.380%)   time: 0 sec   all: 2 sec
 run:11 HPWL=475675483 (-2.350%)(-58.382%)   time: 0 sec   all: 2 sec
 run:12 HPWL=466539433 (-1.921%)(-59.181%)   time: 0 sec   all: 3 sec
 run:13 HPWL=457603539 (-1.915%)(-59.963%)   time: 0 sec   all: 3 sec
 run:14 HPWL=450327050 (-1.590%)(-60.600%)   time: 0 sec   all: 3 sec
 run:15 HPWL=445232389 (-1.131%)(-61.045%)   time: 0 sec   all: 4 sec
 run:16 HPWL=441134789 (-0.920%)(-61.404%)   time: 0 sec   all: 4 sec
 run:17 HPWL=437924277 (-0.728%)(-61.685%)   time: 0 sec   all: 4 sec
 run:18 HPWL=434601654 (-0.759%)(-61.975%)   time: 0 sec   all: 5 sec
 run:19 HPWL=431238301 (-0.774%)(-62.270%)   time: 0 sec   all: 5 sec
 run:20 HPWL=429253106 (-0.460%)(-62.443%)   time: 0 sec   all: 5 sec
 run:21 HPWL=427442179 (-0.422%)(-62.602%)   time: 0 sec   all: 6 sec
 run:22 HPWL=426039428 (-0.328%)(-62.725%)   time: 0 sec   all: 6 sec
 run:23 HPWL=424757318 (-0.301%)(-62.837%)   time: 0 sec   all: 7 sec
 run:24 HPWL=423407671 (-0.318%)(-62.955%)   time: 0 sec   all: 7 sec
 run:25 HPWL=422274350 (-0.268%)(-63.054%)   time: 0 sec   all: 7 sec
 run:26 HPWL=421323504 (-0.225%)(-63.137%)   time: 0 sec   all: 8 sec
 run:27 HPWL=420664982 (-0.156%)(-63.195%)   time: 0 sec   all: 8 sec
 run:28 HPWL=420097742 (-0.135%)(-63.244%)   time: 0 sec   all: 8 sec

HPWL: 420097742 (-63.24%)


////////////////////
Benchmark: ibm02-cu90

Global HPWL: 1078338208   Time:   57.0 sec (0.9 min)
 Legal HPWL: 1142948713   Time:    5.0 sec (0.1 min)
Detail HPWL: 420097742   Time:   13.0 sec (0.2 min)
 ===================================================================
       HPWL: 420097742   Time:   75.0 sec (1.2 min)
Benchmark: ibm07-cu90
HPWL: 24535295
Memory usage: 24.0 MB
Core region: (-58674,-58688)-(58740,58744)

////// Global Placement ///////
mb: 2.42854

HPWL: 4315543805

////// Legalization ///////
macro size: 0
----legalization success!

HPWL: 4202580526 (-2.62%)

////// Detail Placement ///////
 run: 0 HPWL=3855105820 (-8.268%)(-8.268%)   time: 0 sec   all: 0 sec
 run: 1 HPWL=3595358103 (-6.738%)(-14.449%)   time: 0 sec   all: 0 sec
 run: 2 HPWL=3341440859 (-7.062%)(-20.491%)   time: 0 sec   all: 1 sec
 run: 3 HPWL=3136539801 (-6.132%)(-25.366%)   time: 0 sec   all: 1 sec
 run: 4 HPWL=2942090299 (-6.199%)(-29.993%)   time: 0 sec   all: 1 sec
 run: 5 HPWL=2788277036 (-5.228%)(-33.653%)   time: 0 sec   all: 2 sec
 run: 6 HPWL=2621306598 (-5.988%)(-37.626%)   time: 0 sec   all: 2 sec
 run: 7 HPWL=2491851030 (-4.939%)(-40.707%)   time: 0 sec   all: 3 sec
 run: 8 HPWL=2363633332 (-5.145%)(-43.758%)   time: 0 sec   all: 3 sec
 run: 9 HPWL=2260186105 (-4.377%)(-46.219%)   time: 0 sec   all: 4 sec
 run:10 HPWL=2180336441 (-3.533%)(-48.119%)   time: 0 sec   all: 4 sec
 run:11 HPWL=2114034539 (-3.041%)(-49.697%)   time: 0 sec   all: 5 sec
 run:12 HPWL=2054492301 (-2.817%)(-51.114%)   time: 0 sec   all: 6 sec
 run:13 HPWL=2000799607 (-2.613%)(-52.391%)   time: 0 sec   all: 6 sec
 run:14 HPWL=1953939168 (-2.342%)(-53.506%)   time: 0 sec   all: 7 sec
 run:15 HPWL=1920727480 (-1.700%)(-54.296%)   time: 0 sec   all: 8 sec
 run:16 HPWL=1892830847 (-1.452%)(-54.960%)   time: 0 sec   all: 9 sec
 run:17 HPWL=1869937565 (-1.209%)(-55.505%)   time: 0 sec   all: 9 sec
 run:18 HPWL=1848054399 (-1.170%)(-56.026%)   time: 0 sec   all: 10 sec
 run:19 HPWL=1827942635 (-1.088%)(-56.504%)   time: 0 sec   all: 11 sec
 run:20 HPWL=1814535897 (-0.733%)(-56.823%)   time: 0 sec   all: 12 sec
 run:21 HPWL=1803139282 (-0.628%)(-57.094%)   time: 0 sec   all: 12 sec
 run:22 HPWL=1793257988 (-0.548%)(-57.330%)   time: 0 sec   all: 13 sec
 run:23 HPWL=1783931037 (-0.520%)(-57.552%)   time: 0 sec   all: 14 sec
 run:24 HPWL=1774735312 (-0.515%)(-57.770%)   time: 0 sec   all: 15 sec
 run:25 HPWL=1768202580 (-0.368%)(-57.926%)   time: 0 sec   all: 15 sec
 run:26 HPWL=1762945952 (-0.297%)(-58.051%)   time: 0 sec   all: 16 sec
 run:27 HPWL=1757958123 (-0.283%)(-58.170%)   time: 0 sec   all: 17 sec
 run:28 HPWL=1752486911 (-0.311%)(-58.300%)   time: 0 sec   all: 18 sec
 run:29 HPWL=1747256315 (-0.298%)(-58.424%)   time: 0 sec   all: 18 sec
 run:30 HPWL=1743044992 (-0.241%)(-58.524%)   time: 0 sec   all: 19 sec
 run:31 HPWL=1739747513 (-0.189%)(-58.603%)   time: 0 sec   all: 20 sec
 run:32 HPWL=1733277934 (-0.372%)(-58.757%)   time: 1 sec   all: 21 sec

HPWL: 1733277934 (-58.76%)


////////////////////
Benchmark: ibm07-cu90

Global HPWL: 4315543805   Time:  158.0 sec (2.6 min)
 Legal HPWL: 4202580526   Time:   13.0 sec (0.2 min)
Detail HPWL: 1733277934   Time:   31.0 sec (0.5 min)
 ===================================================================
       HPWL: 1733277934   Time:  202.0 sec (3.4 min)
Benchmark: ibm08-cu90
HPWL: 19819116
Memory usage: 27.8 MB
Core region: (-61182,-61208)-(61248,61264)

////// Global Placement ///////
mb: 2.43073

HPWL: 4959295186

////// Legalization ///////
macro size: 0
---legalization success!

HPWL: 4808917192 (-3.03%)

////// Detail Placement ///////
 run: 0 HPWL=4398231245 (-8.540%)(-8.540%)   time: 0 sec   all: 0 sec
 run: 1 HPWL=4086532747 (-7.087%)(-15.022%)   time: 0 sec   all: 0 sec
 run: 2 HPWL=3782865616 (-7.431%)(-21.336%)   time: 0 sec   all: 1 sec
 run: 3 HPWL=3535952909 (-6.527%)(-26.471%)   time: 0 sec   all: 1 sec
 run: 4 HPWL=3306345658 (-6.494%)(-31.246%)   time: 0 sec   all: 2 sec
 run: 5 HPWL=3122612646 (-5.557%)(-35.066%)   time: 0 sec   all: 2 sec
 run: 6 HPWL=2924038969 (-6.359%)(-39.195%)   time: 0 sec   all: 3 sec
 run: 7 HPWL=2772940963 (-5.167%)(-42.338%)   time: 0 sec   all: 4 sec
 run: 8 HPWL=2627719205 (-5.237%)(-45.357%)   time: 0 sec   all: 5 sec
 run: 9 HPWL=2514983189 (-4.290%)(-47.702%)   time: 0 sec   all: 5 sec
 run:10 HPWL=2425786386 (-3.547%)(-49.556%)   time: 0 sec   all: 6 sec
 run:11 HPWL=2351443732 (-3.065%)(-51.102%)   time: 0 sec   all: 7 sec
 run:12 HPWL=2286699730 (-2.753%)(-52.449%)   time: 1 sec   all: 8 sec
 run:13 HPWL=2227208063 (-2.602%)(-53.686%)   time: 1 sec   all: 9 sec
 run:14 HPWL=2176524644 (-2.276%)(-54.740%)   time: 1 sec   all: 10 sec
 run:15 HPWL=2139807436 (-1.687%)(-55.503%)   time: 1 sec   all: 12 sec
 run:16 HPWL=2110755381 (-1.358%)(-56.107%)   time: 1 sec   all: 13 sec
 run:17 HPWL=2085338914 (-1.204%)(-56.636%)   time: 1 sec   all: 14 sec
 run:18 HPWL=2062092614 (-1.115%)(-57.119%)   time: 1 sec   all: 15 sec
 run:19 HPWL=2042998372 (-0.926%)(-57.516%)   time: 1 sec   all: 16 sec
 run:20 HPWL=2027959636 (-0.736%)(-57.829%)   time: 1 sec   all: 17 sec
 run:21 HPWL=2014634243 (-0.657%)(-58.106%)   time: 1 sec   all: 18 sec
 run:22 HPWL=2003375415 (-0.559%)(-58.340%)   time: 1 sec   all: 19 sec
 run:23 HPWL=1992473580 (-0.544%)(-58.567%)   time: 1 sec   all: 20 sec
 run:24 HPWL=1982423022 (-0.504%)(-58.776%)   time: 1 sec   all: 21 sec
 run:25 HPWL=1973838320 (-0.433%)(-58.955%)   time: 1 sec   all: 23 sec
 run:26 HPWL=1967203079 (-0.336%)(-59.093%)   time: 1 sec   all: 24 sec
 run:27 HPWL=1960195267 (-0.356%)(-59.238%)   time: 1 sec   all: 25 sec
 run:28 HPWL=1952764358 (-0.379%)(-59.393%)   time: 1 sec   all: 26 sec
 run:29 HPWL=1945742428 (-0.360%)(-59.539%)   time: 1 sec   all: 27 sec
 run:30 HPWL=1940352671 (-0.277%)(-59.651%)   time: 1 sec   all: 28 sec
 run:31 HPWL=1936157629 (-0.216%)(-59.738%)   time: 1 sec   all: 29 sec
 run:32 HPWL=1931785201 (-0.226%)(-59.829%)   time: 1 sec   all: 30 sec
 run:33 HPWL=1927697181 (-0.212%)(-59.914%)   time: 1 sec   all: 31 sec
 run:34 HPWL=1923888146 (-0.198%)(-59.993%)   time: 1 sec   all: 32 sec
 run:35 HPWL=1908589767 (-0.795%)(-60.311%)   time: 2 sec   all: 34 sec
 run:36 HPWL=1901289962 (-0.382%)(-60.463%)   time: 2 sec   all: 37 sec

HPWL: 1901289962 (-60.46%)


////////////////////
Benchmark: ibm08-cu90

Global HPWL: 4959295186   Time:  191.0 sec (3.2 min)
 Legal HPWL: 4808917192   Time:   15.0 sec (0.2 min)
Detail HPWL: 1901289962   Time:   47.0 sec (0.8 min)
 ===================================================================
       HPWL: 1901289962   Time:  253.0 sec (4.2 min)
Benchmark: ibm09-cu90
HPWL: 26045716
Memory usage: 27.3 MB
Core region: (-62172,-61936)-(62238,62048)

////// Global Placement ///////
mb: 2.4364

HPWL: 5134332869

////// Legalization ///////
macro size: 0
----legalization success!

HPWL: 5003958023 (-2.54%)

////// Detail Placement ///////
 run: 0 HPWL=4601005439 (-8.053%)(-8.053%)   time: 0 sec   all: 0 sec
 run: 1 HPWL=4293148634 (-6.691%)(-14.205%)   time: 0 sec   all: 0 sec
 run: 2 HPWL=3990377864 (-7.052%)(-20.256%)   time: 0 sec   all: 1 sec
 run: 3 HPWL=3747240148 (-6.093%)(-25.114%)   time: 0 sec   all: 1 sec
 run: 4 HPWL=3520032360 (-6.063%)(-29.655%)   time: 0 sec   all: 1 sec
 run: 5 HPWL=3334194539 (-5.279%)(-33.369%)   time: 0 sec   all: 2 sec
 run: 6 HPWL=3132118580 (-6.061%)(-37.407%)   time: 0 sec   all: 2 sec
 run: 7 HPWL=2974216781 (-5.041%)(-40.563%)   time: 0 sec   all: 3 sec
 run: 8 HPWL=2814913578 (-5.356%)(-43.746%)   time: 0 sec   all: 3 sec
 run: 9 HPWL=2686584600 (-4.559%)(-46.311%)   time: 0 sec   all: 4 sec
 run:10 HPWL=2585486712 (-3.763%)(-48.331%)   time: 0 sec   all: 5 sec
 run:11 HPWL=2500712301 (-3.279%)(-50.025%)   time: 0 sec   all: 5 sec
 run:12 HPWL=2425735453 (-2.998%)(-51.524%)   time: 0 sec   all: 6 sec
 run:13 HPWL=2356486148 (-2.855%)(-52.908%)   time: 0 sec   all: 7 sec
 run:14 HPWL=2296048592 (-2.565%)(-54.115%)   time: 0 sec   all: 8 sec
 run:15 HPWL=2251623178 (-1.935%)(-55.003%)   time: 0 sec   all: 9 sec
 run:16 HPWL=2216819652 (-1.546%)(-55.699%)   time: 0 sec   all: 10 sec
 run:17 HPWL=2185148652 (-1.429%)(-56.332%)   time: 0 sec   all: 10 sec
 run:18 HPWL=2156196574 (-1.325%)(-56.910%)   time: 0 sec   all: 11 sec
 run:19 HPWL=2130510186 (-1.191%)(-57.424%)   time: 0 sec   all: 12 sec
 run:20 HPWL=2112998155 (-0.822%)(-57.773%)   time: 0 sec   all: 13 sec
 run:21 HPWL=2097701163 (-0.724%)(-58.079%)   time: 0 sec   all: 14 sec
 run:22 HPWL=2083774664 (-0.664%)(-58.357%)   time: 0 sec   all: 15 sec
 run:23 HPWL=2070934863 (-0.616%)(-58.614%)   time: 0 sec   all: 15 sec
 run:24 HPWL=2057841154 (-0.632%)(-58.876%)   time: 0 sec   all: 16 sec
 run:25 HPWL=2048895120 (-0.435%)(-59.055%)   time: 0 sec   all: 17 sec
 run:26 HPWL=2041430353 (-0.364%)(-59.204%)   time: 0 sec   all: 18 sec
 run:27 HPWL=2034678495 (-0.331%)(-59.339%)   time: 0 sec   all: 19 sec
 run:28 HPWL=2028263061 (-0.315%)(-59.467%)   time: 0 sec   all: 20 sec
 run:29 HPWL=2021119813 (-0.352%)(-59.610%)   time: 0 sec   all: 20 sec
 run:30 HPWL=2016458668 (-0.231%)(-59.703%)   time: 0 sec   all: 21 sec
 run:31 HPWL=2012489311 (-0.197%)(-59.782%)   time: 0 sec   all: 22 sec
 run:32 HPWL=2000695738 (-0.586%)(-60.018%)   time: 1 sec   all: 24 sec

HPWL: 2000695738 (-60.02%)


////////////////////
Benchmark: ibm09-cu90

Global HPWL: 5134332869   Time:  175.0 sec (2.9 min)
 Legal HPWL: 5003958023   Time:   14.0 sec (0.2 min)
Detail HPWL: 2000695738   Time:   35.0 sec (0.6 min)
 ===================================================================
       HPWL: 2000695738   Time:  224.0 sec (3.7 min)
