Benchmark: ibm01-cu85
HPWL: 5899472
Memory usage: 8.3 MB
Core region: (-33330,-33208)-(33396,33320)

////// Global Placement ///////
mb: 2.29835

HPWL: 497796218

////// Legalization ///////
macro size: 0
-----------------legalization success!

HPWL: 542173910 (8.91%)

////// Detail Placement ///////
 run: 0 HPWL=444361786 (-18.041%)(-18.041%)   time: 0 sec   all: 0 sec
 run: 1 HPWL=395226741 (-11.057%)(-27.103%)   time: 0 sec   all: 0 sec
 run: 2 HPWL=341659704 (-13.553%)(-36.983%)   time: 0 sec   all: 0 sec
 run: 3 HPWL=311907701 (-8.708%)(-42.471%)   time: 0 sec   all: 0 sec
 run: 4 HPWL=283088982 (-9.240%)(-47.786%)   time: 0 sec   all: 0 sec
 run: 5 HPWL=264610754 (-6.527%)(-51.194%)   time: 0 sec   all: 0 sec
 run: 6 HPWL=247188982 (-6.584%)(-54.408%)   time: 0 sec   all: 0 sec
 run: 7 HPWL=235820529 (-4.599%)(-56.505%)   time: 0 sec   all: 0 sec
 run: 8 HPWL=226729670 (-3.855%)(-58.181%)   time: 0 sec   all: 0 sec
 run: 9 HPWL=219626751 (-3.133%)(-59.491%)   time: 0 sec   all: 1 sec
 run:10 HPWL=214428277 (-2.367%)(-60.450%)   time: 0 sec   all: 1 sec
 run:11 HPWL=210917774 (-1.637%)(-61.098%)   time: 0 sec   all: 1 sec
 run:12 HPWL=208167924 (-1.304%)(-61.605%)   time: 0 sec   all: 1 sec
 run:13 HPWL=205146429 (-1.451%)(-62.162%)   time: 0 sec   all: 1 sec
 run:14 HPWL=202424894 (-1.327%)(-62.664%)   time: 0 sec   all: 1 sec
 run:15 HPWL=200951206 (-0.728%)(-62.936%)   time: 0 sec   all: 2 sec
 run:16 HPWL=199772359 (-0.587%)(-63.153%)   time: 0 sec   all: 2 sec
 run:17 HPWL=198496224 (-0.639%)(-63.389%)   time: 0 sec   all: 2 sec
 run:18 HPWL=197269678 (-0.618%)(-63.615%)   time: 0 sec   all: 2 sec
 run:19 HPWL=196249287 (-0.517%)(-63.803%)   time: 0 sec   all: 2 sec
 run:20 HPWL=195581100 (-0.340%)(-63.927%)   time: 0 sec   all: 2 sec
 run:21 HPWL=194884625 (-0.356%)(-64.055%)   time: 0 sec   all: 3 sec
 run:22 HPWL=194424534 (-0.236%)(-64.140%)   time: 0 sec   all: 3 sec
 run:23 HPWL=193986005 (-0.226%)(-64.221%)   time: 0 sec   all: 3 sec
 run:24 HPWL=193352865 (-0.326%)(-64.337%)   time: 0 sec   all: 3 sec
 run:25 HPWL=192780548 (-0.296%)(-64.443%)   time: 0 sec   all: 3 sec
 run:26 HPWL=192401136 (-0.197%)(-64.513%)   time: 0 sec   all: 4 sec
 run:27 HPWL=191802967 (-0.311%)(-64.623%)   time: 0 sec   all: 4 sec

HPWL: 191802967 (-64.62%)


////////////////////
Benchmark: ibm01-cu85

Global HPWL: 497796218   Time:   43.0 sec (0.7 min)
 Legal HPWL: 542173910   Time:    3.0 sec (0.1 min)
Detail HPWL: 191802967   Time:    7.0 sec (0.1 min)
 ===================================================================
       HPWL: 191802967   Time:   53.0 sec (0.9 min)
Benchmark: ibm05
HPWL: 10728134
Memory usage: 17.9 MB
Core region: (0,0)-(2360,2368)

////// Global Placement ///////
mb: 2.16094

HPWL: 56037391

////// Legalization ///////
macro size: 0
-legalization success!

HPWL: 53544115 (-4.45%)

////// Detail Placement ///////
 run: 0 HPWL=46484840 (-13.184%)(-13.184%)   time: 0 sec   all: 0 sec
 run: 1 HPWL=42156191 (-9.312%)(-21.268%)   time: 0 sec   all: 0 sec
 run: 2 HPWL=37522763 (-10.991%)(-29.922%)   time: 0 sec   all: 1 sec
 run: 3 HPWL=34277883 (-8.648%)(-35.982%)   time: 0 sec   all: 1 sec
 run: 4 HPWL=31134334 (-9.171%)(-41.853%)   time: 0 sec   all: 1 sec
 run: 5 HPWL=28841971 (-7.363%)(-46.134%)   time: 0 sec   all: 2 sec
 run: 6 HPWL=26636876 (-7.645%)(-50.252%)   time: 0 sec   all: 2 sec
 run: 7 HPWL=25213617 (-5.343%)(-52.911%)   time: 0 sec   all: 3 sec
 run: 8 HPWL=23969864 (-4.933%)(-55.233%)   time: 0 sec   all: 4 sec
 run: 9 HPWL=23099103 (-3.633%)(-56.860%)   time: 0 sec   all: 4 sec
 run:10 HPWL=22209625 (-3.851%)(-58.521%)   time: 0 sec   all: 5 sec
 run:11 HPWL=21597005 (-2.758%)(-59.665%)   time: 0 sec   all: 6 sec
 run:12 HPWL=21122047 (-2.199%)(-60.552%)   time: 0 sec   all: 6 sec
 run:13 HPWL=20747194 (-1.775%)(-61.252%)   time: 0 sec   all: 7 sec
 run:14 HPWL=20472973 (-1.322%)(-61.764%)   time: 0 sec   all: 8 sec
 run:15 HPWL=20199507 (-1.336%)(-62.275%)   time: 0 sec   all: 9 sec
 run:16 HPWL=20029508 (-0.842%)(-62.593%)   time: 0 sec   all: 10 sec
 run:17 HPWL=19901845 (-0.637%)(-62.831%)   time: 0 sec   all: 11 sec
 run:18 HPWL=19805682 (-0.483%)(-63.011%)   time: 0 sec   all: 11 sec
 run:19 HPWL=19720298 (-0.431%)(-63.170%)   time: 0 sec   all: 12 sec
 run:20 HPWL=19625677 (-0.480%)(-63.347%)   time: 0 sec   all: 13 sec
 run:21 HPWL=19562880 (-0.320%)(-63.464%)   time: 0 sec   all: 14 sec
 run:22 HPWL=19508595 (-0.277%)(-63.565%)   time: 0 sec   all: 15 sec
 run:23 HPWL=19458238 (-0.258%)(-63.659%)   time: 0 sec   all: 16 sec
 run:24 HPWL=19410709 (-0.244%)(-63.748%)   time: 0 sec   all: 16 sec
 run:25 HPWL=19349936 (-0.313%)(-63.862%)   time: 0 sec   all: 17 sec
 run:26 HPWL=19311648 (-0.198%)(-63.933%)   time: 0 sec   all: 18 sec
 run:27 HPWL=19268799 (-0.222%)(-64.013%)   time: 0 sec   all: 19 sec

HPWL: 19268799 (-64.01%)


////////////////////
Benchmark: ibm05

Global HPWL: 56037391   Time:  126.0 sec (2.1 min)
 Legal HPWL: 53544115   Time:    8.0 sec (0.1 min)
Detail HPWL: 19268799   Time:   26.0 sec (0.4 min)
 ===================================================================
       HPWL: 19268799   Time:  160.0 sec (2.7 min)
Benchmark: ibm02-cu90
HPWL: 7993661
Memory usage: 12.3 MB
Core region: (-38676,-38528)-(38742,38584)

////// Global Placement ///////
mb: 2.44131

HPWL: 1075407309

////// Legalization ///////
macro size: 0
-----------legalization success!

HPWL: 1149865823 (6.92%)

////// Detail Placement ///////
 run: 0 HPWL=993845556 (-13.569%)(-13.569%)   time: 0 sec   all: 0 sec
 run: 1 HPWL=899162256 (-9.527%)(-21.803%)   time: 0 sec   all: 0 sec
 run: 2 HPWL=793986128 (-11.697%)(-30.950%)   time: 0 sec   all: 0 sec
 run: 3 HPWL=728098084 (-8.298%)(-36.680%)   time: 0 sec   all: 0 sec
 run: 4 HPWL=663850190 (-8.824%)(-42.267%)   time: 0 sec   all: 0 sec
 run: 5 HPWL=619409279 (-6.694%)(-46.132%)   time: 0 sec   all: 1 sec
 run: 6 HPWL=573950658 (-7.339%)(-50.085%)   time: 0 sec   all: 1 sec
 run: 7 HPWL=541980904 (-5.570%)(-52.866%)   time: 0 sec   all: 1 sec
 run: 8 HPWL=511550200 (-5.615%)(-55.512%)   time: 0 sec   all: 1 sec
 run: 9 HPWL=489011357 (-4.406%)(-57.472%)   time: 0 sec   all: 2 sec
 run:10 HPWL=471317377 (-3.618%)(-59.011%)   time: 0 sec   all: 2 sec
 run:11 HPWL=458433542 (-2.734%)(-60.132%)   time: 0 sec   all: 2 sec
 run:12 HPWL=447475443 (-2.390%)(-61.085%)   time: 0 sec   all: 3 sec
 run:13 HPWL=439003359 (-1.893%)(-61.821%)   time: 0 sec   all: 3 sec
 run:14 HPWL=432107538 (-1.571%)(-62.421%)   time: 0 sec   all: 3 sec
 run:15 HPWL=426916153 (-1.201%)(-62.873%)   time: 0 sec   all: 4 sec
 run:16 HPWL=422929464 (-0.934%)(-63.219%)   time: 0 sec   all: 4 sec
 run:17 HPWL=419621924 (-0.782%)(-63.507%)   time: 0 sec   all: 4 sec
 run:18 HPWL=416539425 (-0.735%)(-63.775%)   time: 0 sec   all: 5 sec
 run:19 HPWL=413553243 (-0.717%)(-64.035%)   time: 0 sec   all: 5 sec
 run:20 HPWL=411376410 (-0.526%)(-64.224%)   time: 0 sec   all: 6 sec
 run:21 HPWL=409757228 (-0.394%)(-64.365%)   time: 0 sec   all: 6 sec
 run:22 HPWL=408079347 (-0.409%)(-64.511%)   time: 0 sec   all: 6 sec
 run:23 HPWL=406519451 (-0.382%)(-64.646%)   time: 0 sec   all: 7 sec
 run:24 HPWL=404834833 (-0.414%)(-64.793%)   time: 0 sec   all: 7 sec
 run:25 HPWL=403511846 (-0.327%)(-64.908%)   time: 0 sec   all: 7 sec
 run:26 HPWL=402406916 (-0.274%)(-65.004%)   time: 0 sec   all: 8 sec
 run:27 HPWL=401571880 (-0.208%)(-65.077%)   time: 0 sec   all: 8 sec
 run:28 HPWL=400604827 (-0.241%)(-65.161%)   time: 0 sec   all: 9 sec
 run:29 HPWL=399365804 (-0.309%)(-65.268%)   time: 0 sec   all: 9 sec
 run:30 HPWL=398475812 (-0.223%)(-65.346%)   time: 0 sec   all: 9 sec
 run:31 HPWL=397836177 (-0.161%)(-65.402%)   time: 0 sec   all: 10 sec
 run:32 HPWL=397331790 (-0.127%)(-65.445%)   time: 0 sec   all: 10 sec

HPWL: 397331790 (-65.45%)


////////////////////
Benchmark: ibm02-cu90

Global HPWL: 1075407309   Time:   57.0 sec (0.9 min)
 Legal HPWL: 1149865823   Time:    5.0 sec (0.1 min)
Detail HPWL: 397331790   Time:   15.0 sec (0.2 min)
 ===================================================================
       HPWL: 397331790   Time:   77.0 sec (1.3 min)
Benchmark: ibm07-cu90
HPWL: 24535295
Memory usage: 24.0 MB
Core region: (-58674,-58688)-(58740,58744)

////// Global Placement ///////
mb: 2.42854

HPWL: 4336497030

////// Legalization ///////
macro size: 0
----legalization success!

HPWL: 4222611857 (-2.63%)

////// Detail Placement ///////
 run: 0 HPWL=3878019488 (-8.161%)(-8.161%)   time: 0 sec   all: 0 sec
 run: 1 HPWL=3620390914 (-6.643%)(-14.262%)   time: 0 sec   all: 0 sec
 run: 2 HPWL=3366330662 (-7.017%)(-20.278%)   time: 0 sec   all: 1 sec
 run: 3 HPWL=3161029306 (-6.099%)(-25.140%)   time: 0 sec   all: 1 sec
 run: 4 HPWL=2968298383 (-6.097%)(-29.705%)   time: 0 sec   all: 1 sec
 run: 5 HPWL=2812666162 (-5.243%)(-33.390%)   time: 0 sec   all: 2 sec
 run: 6 HPWL=2644630900 (-5.974%)(-37.370%)   time: 0 sec   all: 2 sec
 run: 7 HPWL=2512954576 (-4.979%)(-40.488%)   time: 0 sec   all: 3 sec
 run: 8 HPWL=2385006809 (-5.092%)(-43.518%)   time: 0 sec   all: 3 sec
 run: 9 HPWL=2283507237 (-4.256%)(-45.922%)   time: 0 sec   all: 4 sec
 run:10 HPWL=2202929590 (-3.529%)(-47.830%)   time: 0 sec   all: 5 sec
 run:11 HPWL=2136315647 (-3.024%)(-49.408%)   time: 0 sec   all: 5 sec
 run:12 HPWL=2078697940 (-2.697%)(-50.772%)   time: 0 sec   all: 6 sec
 run:13 HPWL=2023707619 (-2.645%)(-52.075%)   time: 0 sec   all: 7 sec
 run:14 HPWL=1976860536 (-2.315%)(-53.184%)   time: 0 sec   all: 7 sec
 run:15 HPWL=1944160213 (-1.654%)(-53.958%)   time: 0 sec   all: 8 sec
 run:16 HPWL=1918477187 (-1.321%)(-54.567%)   time: 0 sec   all: 9 sec
 run:17 HPWL=1894715659 (-1.239%)(-55.129%)   time: 0 sec   all: 10 sec
 run:18 HPWL=1873698301 (-1.109%)(-55.627%)   time: 0 sec   all: 11 sec
 run:19 HPWL=1852901839 (-1.110%)(-56.120%)   time: 0 sec   all: 11 sec
 run:20 HPWL=1837301632 (-0.842%)(-56.489%)   time: 0 sec   all: 12 sec
 run:21 HPWL=1824443285 (-0.700%)(-56.793%)   time: 0 sec   all: 13 sec
 run:22 HPWL=1812857808 (-0.635%)(-57.068%)   time: 0 sec   all: 14 sec
 run:23 HPWL=1802863669 (-0.551%)(-57.305%)   time: 0 sec   all: 15 sec
 run:24 HPWL=1791082323 (-0.653%)(-57.584%)   time: 0 sec   all: 15 sec
 run:25 HPWL=1783031289 (-0.450%)(-57.774%)   time: 0 sec   all: 16 sec
 run:26 HPWL=1776798011 (-0.350%)(-57.922%)   time: 0 sec   all: 17 sec
 run:27 HPWL=1770600743 (-0.349%)(-58.069%)   time: 0 sec   all: 18 sec
 run:28 HPWL=1765048308 (-0.314%)(-58.200%)   time: 0 sec   all: 18 sec
 run:29 HPWL=1758739601 (-0.357%)(-58.349%)   time: 0 sec   all: 19 sec
 run:30 HPWL=1754271046 (-0.254%)(-58.455%)   time: 0 sec   all: 20 sec
 run:31 HPWL=1750686304 (-0.204%)(-58.540%)   time: 0 sec   all: 21 sec
 run:32 HPWL=1747049692 (-0.208%)(-58.626%)   time: 0 sec   all: 22 sec
 run:33 HPWL=1743352524 (-0.212%)(-58.714%)   time: 0 sec   all: 22 sec
 run:34 HPWL=1740008519 (-0.192%)(-58.793%)   time: 0 sec   all: 23 sec
 run:35 HPWL=1732277638 (-0.444%)(-58.976%)   time: 1 sec   all: 25 sec

HPWL: 1732277638 (-58.98%)


////////////////////
Benchmark: ibm07-cu90

Global HPWL: 4336497030   Time:  189.0 sec (3.1 min)
 Legal HPWL: 4222611857   Time:   13.0 sec (0.2 min)
Detail HPWL: 1732277638   Time:   35.0 sec (0.6 min)
 ===================================================================
       HPWL: 1732277638   Time:  237.0 sec (4.0 min)
Benchmark: ibm08-cu90
HPWL: 19819116
Memory usage: 27.8 MB
Core region: (-61182,-61208)-(61248,61264)

////// Global Placement ///////
mb: 2.43073

HPWL: 4953554603

////// Legalization ///////
macro size: 0
---legalization success!

HPWL: 4815954617 (-2.78%)

////// Detail Placement ///////
 run: 0 HPWL=4403902438 (-8.556%)(-8.556%)   time: 0 sec   all: 0 sec
 run: 1 HPWL=4093022616 (-7.059%)(-15.011%)   time: 0 sec   all: 1 sec
 run: 2 HPWL=3795046675 (-7.280%)(-21.198%)   time: 0 sec   all: 1 sec
 run: 3 HPWL=3551991208 (-6.405%)(-26.245%)   time: 0 sec   all: 2 sec
 run: 4 HPWL=3327014839 (-6.334%)(-30.917%)   time: 0 sec   all: 2 sec
 run: 5 HPWL=3149476467 (-5.336%)(-34.603%)   time: 0 sec   all: 3 sec
 run: 6 HPWL=2959879317 (-6.020%)(-38.540%)   time: 0 sec   all: 4 sec
 run: 7 HPWL=2811968573 (-4.997%)(-41.611%)   time: 0 sec   all: 4 sec
 run: 8 HPWL=2669413320 (-5.070%)(-44.571%)   time: 0 sec   all: 5 sec
 run: 9 HPWL=2557540445 (-4.191%)(-46.894%)   time: 0 sec   all: 6 sec
 run:10 HPWL=2465855913 (-3.585%)(-48.798%)   time: 1 sec   all: 7 sec
 run:11 HPWL=2388771869 (-3.126%)(-50.399%)   time: 0 sec   all: 8 sec
 run:12 HPWL=2322701290 (-2.766%)(-51.771%)   time: 1 sec   all: 9 sec
 run:13 HPWL=2263200412 (-2.562%)(-53.006%)   time: 1 sec   all: 10 sec
 run:14 HPWL=2213356011 (-2.202%)(-54.041%)   time: 1 sec   all: 11 sec
 run:15 HPWL=2175277919 (-1.720%)(-54.832%)   time: 1 sec   all: 13 sec
 run:16 HPWL=2145249377 (-1.380%)(-55.455%)   time: 1 sec   all: 14 sec
 run:17 HPWL=2119191240 (-1.215%)(-55.996%)   time: 1 sec   all: 16 sec
 run:18 HPWL=2096620204 (-1.065%)(-56.465%)   time: 1 sec   all: 17 sec
 run:19 HPWL=2076577835 (-0.956%)(-56.881%)   time: 1 sec   all: 18 sec
 run:20 HPWL=2059919372 (-0.802%)(-57.227%)   time: 1 sec   all: 19 sec
 run:21 HPWL=2046307062 (-0.661%)(-57.510%)   time: 1 sec   all: 20 sec
 run:22 HPWL=2034072683 (-0.598%)(-57.764%)   time: 1 sec   all: 22 sec
 run:23 HPWL=2023271647 (-0.531%)(-57.988%)   time: 1 sec   all: 23 sec
 run:24 HPWL=2013326147 (-0.492%)(-58.195%)   time: 1 sec   all: 24 sec
 run:25 HPWL=2004828935 (-0.422%)(-58.371%)   time: 1 sec   all: 25 sec
 run:26 HPWL=1998361330 (-0.323%)(-58.505%)   time: 1 sec   all: 26 sec
 run:27 HPWL=1991846277 (-0.326%)(-58.641%)   time: 1 sec   all: 27 sec
 run:28 HPWL=1985582205 (-0.314%)(-58.771%)   time: 1 sec   all: 29 sec
 run:29 HPWL=1979925319 (-0.285%)(-58.888%)   time: 1 sec   all: 30 sec
 run:30 HPWL=1975476123 (-0.225%)(-58.981%)   time: 1 sec   all: 31 sec
 run:31 HPWL=1971336269 (-0.210%)(-59.067%)   time: 1 sec   all: 32 sec
 run:32 HPWL=1967163963 (-0.212%)(-59.153%)   time: 1 sec   all: 33 sec
 run:33 HPWL=1963588052 (-0.182%)(-59.227%)   time: 1 sec   all: 34 sec
 run:34 HPWL=1949216825 (-0.732%)(-59.526%)   time: 1 sec   all: 36 sec
 run:35 HPWL=1937034517 (-0.625%)(-59.779%)   time: 2 sec   all: 38 sec
 run:36 HPWL=1930828357 (-0.320%)(-59.908%)   time: 2 sec   all: 41 sec

HPWL: 1930828357 (-59.91%)


////////////////////
Benchmark: ibm08-cu90

Global HPWL: 4953554603   Time:  202.0 sec (3.4 min)
 Legal HPWL: 4815954617   Time:   15.0 sec (0.2 min)
Detail HPWL: 1930828357   Time:   53.0 sec (0.9 min)
 ===================================================================
       HPWL: 1930828357   Time:  270.0 sec (4.5 min)
Benchmark: ibm09-cu90
HPWL: 26045716
Memory usage: 27.3 MB
Core region: (-62172,-61936)-(62238,62048)

////// Global Placement ///////
mb: 2.4364

HPWL: 5166831377

////// Legalization ///////
macro size: 0
----legalization success!

HPWL: 5028672599 (-2.67%)

////// Detail Placement ///////
 run: 0 HPWL=4628976345 (-7.948%)(-7.948%)   time: 0 sec   all: 0 sec
 run: 1 HPWL=4323093310 (-6.608%)(-14.031%)   time: 0 sec   all: 0 sec
 run: 2 HPWL=4025746971 (-6.878%)(-19.944%)   time: 0 sec   all: 1 sec
 run: 3 HPWL=3783997212 (-6.005%)(-24.752%)   time: 0 sec   all: 1 sec
 run: 4 HPWL=3557149152 (-5.995%)(-29.263%)   time: 0 sec   all: 2 sec
 run: 5 HPWL=3376581173 (-5.076%)(-32.853%)   time: 0 sec   all: 2 sec
 run: 6 HPWL=3176723686 (-5.919%)(-36.828%)   time: 0 sec   all: 2 sec
 run: 7 HPWL=3015779821 (-5.066%)(-40.028%)   time: 0 sec   all: 3 sec
 run: 8 HPWL=2855186121 (-5.325%)(-43.222%)   time: 0 sec   all: 4 sec
 run: 9 HPWL=2726779737 (-4.497%)(-45.775%)   time: 0 sec   all: 4 sec
 run:10 HPWL=2622504169 (-3.824%)(-47.849%)   time: 0 sec   all: 5 sec
 run:11 HPWL=2534789634 (-3.345%)(-49.593%)   time: 0 sec   all: 6 sec
 run:12 HPWL=2459536401 (-2.969%)(-51.090%)   time: 0 sec   all: 7 sec
 run:13 HPWL=2388239473 (-2.899%)(-52.508%)   time: 0 sec   all: 7 sec
 run:14 HPWL=2325585957 (-2.623%)(-53.753%)   time: 0 sec   all: 8 sec
 run:15 HPWL=2280615079 (-1.934%)(-54.648%)   time: 0 sec   all: 9 sec
 run:16 HPWL=2243192295 (-1.641%)(-55.392%)   time: 0 sec   all: 10 sec
 run:17 HPWL=2211747186 (-1.402%)(-56.017%)   time: 0 sec   all: 11 sec
 run:18 HPWL=2182539809 (-1.321%)(-56.598%)   time: 0 sec   all: 12 sec
 run:19 HPWL=2156611868 (-1.188%)(-57.114%)   time: 0 sec   all: 13 sec
 run:20 HPWL=2137206591 (-0.900%)(-57.500%)   time: 0 sec   all: 14 sec
 run:21 HPWL=2122304557 (-0.697%)(-57.796%)   time: 0 sec   all: 14 sec
 run:22 HPWL=2107823938 (-0.682%)(-58.084%)   time: 0 sec   all: 15 sec
 run:23 HPWL=2094431622 (-0.635%)(-58.350%)   time: 0 sec   all: 16 sec
 run:24 HPWL=2081763800 (-0.605%)(-58.602%)   time: 0 sec   all: 17 sec
 run:25 HPWL=2072449838 (-0.447%)(-58.787%)   time: 0 sec   all: 18 sec
 run:26 HPWL=2064492343 (-0.384%)(-58.946%)   time: 0 sec   all: 19 sec
 run:27 HPWL=2057136307 (-0.356%)(-59.092%)   time: 0 sec   all: 20 sec
 run:28 HPWL=2050581517 (-0.319%)(-59.222%)   time: 0 sec   all: 20 sec
 run:29 HPWL=2044058645 (-0.318%)(-59.352%)   time: 0 sec   all: 21 sec
 run:30 HPWL=2039169520 (-0.239%)(-59.449%)   time: 0 sec   all: 22 sec
 run:31 HPWL=2034504411 (-0.229%)(-59.542%)   time: 0 sec   all: 23 sec
 run:32 HPWL=2029412514 (-0.250%)(-59.643%)   time: 0 sec   all: 24 sec
 run:33 HPWL=2024982093 (-0.218%)(-59.731%)   time: 0 sec   all: 25 sec
 run:34 HPWL=2020710393 (-0.211%)(-59.816%)   time: 0 sec   all: 26 sec
 run:35 HPWL=2017267763 (-0.170%)(-59.885%)   time: 0 sec   all: 26 sec
 run:36 HPWL=2006662665 (-0.526%)(-60.096%)   time: 1 sec   all: 28 sec

HPWL: 2006662665 (-60.10%)


////////////////////
Benchmark: ibm09-cu90

Global HPWL: 5166831377   Time:  188.0 sec (3.1 min)
 Legal HPWL: 5028672599   Time:   14.0 sec (0.2 min)
Detail HPWL: 2006662665   Time:   41.0 sec (0.7 min)
 ===================================================================
       HPWL: 2006662665   Time:  243.0 sec (4.0 min)
