Benchmark: ibm01-cu85
HPWL: 5899472
Memory usage: 8.3 MB
Core region: (-33330,-33208)-(33396,33320)

////// Global Placement ///////
mb: 2.29835

HPWL: 469266363

////// Legalization ///////
macro size: 0
--------------------legalization success!

HPWL: 525615667 (12.01%)

////// Detail Placement ///////
 run: 0 HPWL=429851511 (-18.219%)(-18.219%)   time: 0 sec   all: 0 sec
 run: 1 HPWL=380987855 (-11.368%)(-27.516%)   time: 0 sec   all: 0 sec
 run: 2 HPWL=328348770 (-13.816%)(-37.531%)   time: 0 sec   all: 0 sec
 run: 3 HPWL=297958423 (-9.256%)(-43.312%)   time: 0 sec   all: 0 sec
 run: 4 HPWL=268591935 (-9.856%)(-48.900%)   time: 0 sec   all: 0 sec
 run: 5 HPWL=250507531 (-6.733%)(-52.340%)   time: 0 sec   all: 0 sec
 run: 6 HPWL=234869220 (-6.243%)(-55.315%)   time: 0 sec   all: 0 sec
 run: 7 HPWL=223838166 (-4.697%)(-57.414%)   time: 0 sec   all: 0 sec
 run: 8 HPWL=215438428 (-3.753%)(-59.012%)   time: 0 sec   all: 0 sec
 run: 9 HPWL=209269419 (-2.863%)(-60.186%)   time: 0 sec   all: 1 sec
 run:10 HPWL=204485383 (-2.286%)(-61.096%)   time: 0 sec   all: 1 sec
 run:11 HPWL=201360465 (-1.528%)(-61.691%)   time: 0 sec   all: 1 sec
 run:12 HPWL=198979028 (-1.183%)(-62.144%)   time: 0 sec   all: 1 sec
 run:13 HPWL=196664874 (-1.163%)(-62.584%)   time: 0 sec   all: 1 sec
 run:14 HPWL=194466938 (-1.118%)(-63.002%)   time: 0 sec   all: 1 sec
 run:15 HPWL=193063860 (-0.721%)(-63.269%)   time: 0 sec   all: 2 sec
 run:16 HPWL=191895236 (-0.605%)(-63.491%)   time: 0 sec   all: 2 sec
 run:17 HPWL=191012661 (-0.460%)(-63.659%)   time: 0 sec   all: 2 sec
 run:18 HPWL=190197773 (-0.427%)(-63.814%)   time: 0 sec   all: 2 sec
 run:19 HPWL=189659215 (-0.283%)(-63.917%)   time: 0 sec   all: 2 sec
 run:20 HPWL=189051925 (-0.320%)(-64.032%)   time: 0 sec   all: 3 sec
 run:21 HPWL=188606244 (-0.236%)(-64.117%)   time: 0 sec   all: 3 sec
 run:22 HPWL=188131762 (-0.252%)(-64.207%)   time: 0 sec   all: 3 sec
 run:23 HPWL=187641039 (-0.261%)(-64.301%)   time: 0 sec   all: 3 sec
 run:24 HPWL=187253095 (-0.207%)(-64.375%)   time: 0 sec   all: 3 sec
 run:25 HPWL=186883222 (-0.198%)(-64.445%)   time: 0 sec   all: 4 sec
 run:26 HPWL=186600456 (-0.151%)(-64.499%)   time: 0 sec   all: 4 sec

HPWL: 186600456 (-64.50%)


////////////////////
Benchmark: ibm01-cu85

Global HPWL: 469266363   Time:   47.0 sec (0.8 min)
 Legal HPWL: 525615667   Time:    3.0 sec (0.1 min)
Detail HPWL: 186600456   Time:    8.0 sec (0.1 min)
 ===================================================================
       HPWL: 186600456   Time:   58.0 sec (1.0 min)
Benchmark: ibm05
HPWL: 10728134
Memory usage: 17.9 MB
Core region: (0,0)-(2360,2368)

////// Global Placement ///////
mb: 2.16094

HPWL: 54501754

////// Legalization ///////
macro size: 0
-legalization success!

HPWL: 53015866 (-2.73%)

////// Detail Placement ///////
 run: 0 HPWL=45844746 (-13.526%)(-13.526%)   time: 0 sec   all: 0 sec
 run: 1 HPWL=41473283 (-9.535%)(-21.772%)   time: 0 sec   all: 0 sec
 run: 2 HPWL=36865515 (-11.110%)(-30.463%)   time: 0 sec   all: 1 sec
 run: 3 HPWL=33583380 (-8.903%)(-36.654%)   time: 0 sec   all: 1 sec
 run: 4 HPWL=30427017 (-9.399%)(-42.608%)   time: 0 sec   all: 2 sec
 run: 5 HPWL=28062371 (-7.772%)(-47.068%)   time: 0 sec   all: 2 sec
 run: 6 HPWL=25950184 (-7.527%)(-51.052%)   time: 0 sec   all: 3 sec
 run: 7 HPWL=24564348 (-5.340%)(-53.666%)   time: 0 sec   all: 3 sec
 run: 8 HPWL=23334114 (-5.008%)(-55.987%)   time: 0 sec   all: 4 sec
 run: 9 HPWL=22490817 (-3.614%)(-57.577%)   time: 0 sec   all: 4 sec
 run:10 HPWL=21692062 (-3.551%)(-59.084%)   time: 0 sec   all: 5 sec
 run:11 HPWL=21143160 (-2.530%)(-60.119%)   time: 0 sec   all: 6 sec
 run:12 HPWL=20704632 (-2.074%)(-60.946%)   time: 0 sec   all: 7 sec
 run:13 HPWL=20375625 (-1.589%)(-61.567%)   time: 0 sec   all: 8 sec
 run:14 HPWL=20148952 (-1.112%)(-61.994%)   time: 0 sec   all: 8 sec
 run:15 HPWL=19929884 (-1.087%)(-62.408%)   time: 1 sec   all: 9 sec
 run:16 HPWL=19775194 (-0.776%)(-62.699%)   time: 0 sec   all: 10 sec
 run:17 HPWL=19641692 (-0.675%)(-62.951%)   time: 0 sec   all: 11 sec
 run:18 HPWL=19533616 (-0.550%)(-63.155%)   time: 0 sec   all: 12 sec
 run:19 HPWL=19452781 (-0.414%)(-63.308%)   time: 0 sec   all: 13 sec
 run:20 HPWL=19363660 (-0.458%)(-63.476%)   time: 1 sec   all: 14 sec
 run:21 HPWL=19317638 (-0.238%)(-63.563%)   time: 0 sec   all: 15 sec
 run:22 HPWL=19281800 (-0.186%)(-63.630%)   time: 0 sec   all: 16 sec
 run:23 HPWL=19246803 (-0.182%)(-63.696%)   time: 0 sec   all: 16 sec

HPWL: 19246803 (-63.70%)


////////////////////
Benchmark: ibm05

Global HPWL: 54501754   Time:  170.0 sec (2.8 min)
 Legal HPWL: 53015866   Time:    9.0 sec (0.1 min)
Detail HPWL: 19246803   Time:   25.0 sec (0.4 min)
 ===================================================================
       HPWL: 19246803   Time:  204.0 sec (3.4 min)
Benchmark: ibm02-cu90
HPWL: 7993661
Memory usage: 12.3 MB
Core region: (-38676,-38528)-(38742,38584)

////// Global Placement ///////
mb: 2.44131

HPWL: 1032025967

////// Legalization ///////
macro size: 0
-------------legalization success!

HPWL: 1112597674 (7.81%)

////// Detail Placement ///////
 run: 0 HPWL=956223722 (-14.055%)(-14.055%)   time: 0 sec   all: 0 sec
 run: 1 HPWL=862820626 (-9.768%)(-22.450%)   time: 0 sec   all: 0 sec
 run: 2 HPWL=760027232 (-11.914%)(-31.689%)   time: 0 sec   all: 0 sec
 run: 3 HPWL=695442549 (-8.498%)(-37.494%)   time: 0 sec   all: 0 sec
 run: 4 HPWL=634349090 (-8.785%)(-42.985%)   time: 0 sec   all: 0 sec
 run: 5 HPWL=592501900 (-6.597%)(-46.746%)   time: 0 sec   all: 1 sec
 run: 6 HPWL=551305747 (-6.953%)(-50.449%)   time: 0 sec   all: 1 sec
 run: 7 HPWL=522808043 (-5.169%)(-53.010%)   time: 0 sec   all: 1 sec
 run: 8 HPWL=498404256 (-4.668%)(-55.204%)   time: 0 sec   all: 1 sec
 run: 9 HPWL=480062111 (-3.680%)(-56.852%)   time: 0 sec   all: 2 sec
 run:10 HPWL=465390647 (-3.056%)(-58.171%)   time: 0 sec   all: 2 sec
 run:11 HPWL=454631518 (-2.312%)(-59.138%)   time: 0 sec   all: 2 sec
 run:12 HPWL=446560299 (-1.775%)(-59.863%)   time: 0 sec   all: 3 sec
 run:13 HPWL=439585015 (-1.562%)(-60.490%)   time: 0 sec   all: 3 sec
 run:14 HPWL=432705359 (-1.565%)(-61.109%)   time: 0 sec   all: 4 sec
 run:15 HPWL=427674267 (-1.163%)(-61.561%)   time: 0 sec   all: 4 sec
 run:16 HPWL=424261216 (-0.798%)(-61.868%)   time: 0 sec   all: 4 sec
 run:17 HPWL=421277899 (-0.703%)(-62.136%)   time: 0 sec   all: 5 sec
 run:18 HPWL=418752915 (-0.599%)(-62.363%)   time: 0 sec   all: 5 sec
 run:19 HPWL=416165126 (-0.618%)(-62.595%)   time: 0 sec   all: 6 sec
 run:20 HPWL=414119988 (-0.491%)(-62.779%)   time: 0 sec   all: 6 sec
 run:21 HPWL=412523540 (-0.386%)(-62.922%)   time: 0 sec   all: 7 sec
 run:22 HPWL=410775586 (-0.424%)(-63.080%)   time: 0 sec   all: 7 sec
 run:23 HPWL=409138219 (-0.399%)(-63.227%)   time: 0 sec   all: 7 sec
 run:24 HPWL=407442168 (-0.415%)(-63.379%)   time: 0 sec   all: 8 sec
 run:25 HPWL=406121502 (-0.324%)(-63.498%)   time: 0 sec   all: 8 sec
 run:26 HPWL=405040792 (-0.266%)(-63.595%)   time: 0 sec   all: 8 sec
 run:27 HPWL=404209708 (-0.205%)(-63.670%)   time: 0 sec   all: 9 sec
 run:28 HPWL=403255358 (-0.236%)(-63.756%)   time: 0 sec   all: 9 sec
 run:29 HPWL=402318610 (-0.232%)(-63.840%)   time: 0 sec   all: 10 sec
 run:30 HPWL=401263831 (-0.262%)(-63.935%)   time: 0 sec   all: 10 sec
 run:31 HPWL=400704491 (-0.139%)(-63.985%)   time: 0 sec   all: 10 sec
 run:32 HPWL=400305570 (-0.100%)(-64.021%)   time: 0 sec   all: 11 sec

HPWL: 400305570 (-64.02%)


////////////////////
Benchmark: ibm02-cu90

Global HPWL: 1032025967   Time:   77.0 sec (1.3 min)
 Legal HPWL: 1112597674   Time:    5.0 sec (0.1 min)
Detail HPWL: 400305570   Time:   17.0 sec (0.3 min)
 ===================================================================
       HPWL: 400305570   Time:   99.0 sec (1.6 min)
Benchmark: ibm07-cu90
HPWL: 24535295
Memory usage: 24.0 MB
Core region: (-58674,-58688)-(58740,58744)

////// Global Placement ///////
mb: 2.42854

HPWL: 4097342467

////// Legalization ///////
macro size: 0
------legalization success!

HPWL: 4098443219 (0.03%)

////// Detail Placement ///////
 run: 0 HPWL=3737063652 (-8.817%)(-8.817%)   time: 0 sec   all: 0 sec
 run: 1 HPWL=3453766612 (-7.581%)(-15.730%)   time: 0 sec   all: 0 sec
 run: 2 HPWL=3180118821 (-7.923%)(-22.407%)   time: 0 sec   all: 1 sec
 run: 3 HPWL=2959502964 (-6.937%)(-27.790%)   time: 0 sec   all: 1 sec
 run: 4 HPWL=2755567690 (-6.891%)(-32.766%)   time: 0 sec   all: 2 sec
 run: 5 HPWL=2597360971 (-5.741%)(-36.626%)   time: 0 sec   all: 2 sec
 run: 6 HPWL=2429408784 (-6.466%)(-40.724%)   time: 0 sec   all: 3 sec
 run: 7 HPWL=2297362176 (-5.435%)(-43.945%)   time: 0 sec   all: 3 sec
 run: 8 HPWL=2170401348 (-5.526%)(-47.043%)   time: 0 sec   all: 4 sec
 run: 9 HPWL=2069690768 (-4.640%)(-49.501%)   time: 0 sec   all: 4 sec
 run:10 HPWL=1991865917 (-3.760%)(-51.399%)   time: 0 sec   all: 5 sec
 run:11 HPWL=1928570402 (-3.178%)(-52.944%)   time: 0 sec   all: 6 sec
 run:12 HPWL=1874372635 (-2.810%)(-54.266%)   time: 0 sec   all: 7 sec
 run:13 HPWL=1824177036 (-2.678%)(-55.491%)   time: 0 sec   all: 8 sec
 run:14 HPWL=1781656456 (-2.331%)(-56.528%)   time: 0 sec   all: 8 sec
 run:15 HPWL=1751014137 (-1.720%)(-57.276%)   time: 0 sec   all: 9 sec
 run:16 HPWL=1727195564 (-1.360%)(-57.857%)   time: 0 sec   all: 10 sec
 run:17 HPWL=1705584868 (-1.251%)(-58.385%)   time: 0 sec   all: 11 sec
 run:18 HPWL=1687064661 (-1.086%)(-58.836%)   time: 0 sec   all: 12 sec
 run:19 HPWL=1669764707 (-1.025%)(-59.259%)   time: 0 sec   all: 13 sec
 run:20 HPWL=1658110258 (-0.698%)(-59.543%)   time: 0 sec   all: 14 sec
 run:21 HPWL=1648253518 (-0.594%)(-59.783%)   time: 0 sec   all: 15 sec
 run:22 HPWL=1638428887 (-0.596%)(-60.023%)   time: 0 sec   all: 16 sec
 run:23 HPWL=1629223135 (-0.562%)(-60.248%)   time: 0 sec   all: 16 sec
 run:24 HPWL=1620865935 (-0.513%)(-60.452%)   time: 0 sec   all: 17 sec
 run:25 HPWL=1614697161 (-0.381%)(-60.602%)   time: 0 sec   all: 18 sec
 run:26 HPWL=1609189902 (-0.341%)(-60.737%)   time: 0 sec   all: 19 sec
 run:27 HPWL=1603764337 (-0.337%)(-60.869%)   time: 0 sec   all: 20 sec
 run:28 HPWL=1598863583 (-0.306%)(-60.989%)   time: 0 sec   all: 21 sec
 run:29 HPWL=1593892737 (-0.311%)(-61.110%)   time: 0 sec   all: 22 sec
 run:30 HPWL=1590349348 (-0.222%)(-61.196%)   time: 0 sec   all: 23 sec
 run:31 HPWL=1587280298 (-0.193%)(-61.271%)   time: 0 sec   all: 23 sec
 run:32 HPWL=1581825091 (-0.344%)(-61.404%)   time: 1 sec   all: 25 sec

HPWL: 1581825091 (-61.40%)


////////////////////
Benchmark: ibm07-cu90

Global HPWL: 4097342467   Time:  197.0 sec (3.3 min)
 Legal HPWL: 4098443219   Time:   14.0 sec (0.2 min)
Detail HPWL: 1581825091   Time:   37.0 sec (0.6 min)
 ===================================================================
       HPWL: 1581825091   Time:  248.0 sec (4.1 min)
Benchmark: ibm08-cu90
HPWL: 19819116
Memory usage: 27.7 MB
Core region: (-61182,-61208)-(61248,61264)

////// Global Placement ///////
mb: 2.43073

HPWL: 4924200469

////// Legalization ///////
macro size: 0
---legalization success!

HPWL: 4818942067 (-2.14%)

////// Detail Placement ///////
 run: 0 HPWL=4402986983 (-8.632%)(-8.632%)   time: 0 sec   all: 0 sec
 run: 1 HPWL=4075829790 (-7.430%)(-15.421%)   time: 0 sec   all: 1 sec
 run: 2 HPWL=3761324509 (-7.716%)(-21.947%)   time: 0 sec   all: 1 sec
 run: 3 HPWL=3504501051 (-6.828%)(-27.277%)   time: 0 sec   all: 2 sec
 run: 4 HPWL=3262764467 (-6.898%)(-32.293%)   time: 0 sec   all: 2 sec
 run: 5 HPWL=3071767699 (-5.854%)(-36.256%)   time: 0 sec   all: 3 sec
 run: 6 HPWL=2866247591 (-6.691%)(-40.521%)   time: 0 sec   all: 4 sec
 run: 7 HPWL=2708928419 (-5.489%)(-43.786%)   time: 0 sec   all: 4 sec
 run: 8 HPWL=2555005255 (-5.682%)(-46.980%)   time: 0 sec   all: 5 sec
 run: 9 HPWL=2434039340 (-4.734%)(-49.490%)   time: 0 sec   all: 6 sec
 run:10 HPWL=2337275298 (-3.975%)(-51.498%)   time: 1 sec   all: 7 sec
 run:11 HPWL=2259546727 (-3.326%)(-53.111%)   time: 1 sec   all: 8 sec
 run:12 HPWL=2193234834 (-2.935%)(-54.487%)   time: 1 sec   all: 9 sec
 run:13 HPWL=2130638097 (-2.854%)(-55.786%)   time: 1 sec   all: 10 sec
 run:14 HPWL=2079405866 (-2.405%)(-56.849%)   time: 1 sec   all: 12 sec
 run:15 HPWL=2039762656 (-1.906%)(-57.672%)   time: 1 sec   all: 13 sec
 run:16 HPWL=2007409387 (-1.586%)(-58.343%)   time: 1 sec   all: 14 sec
 run:17 HPWL=1978971491 (-1.417%)(-58.933%)   time: 1 sec   all: 15 sec
 run:18 HPWL=1952434134 (-1.341%)(-59.484%)   time: 1 sec   all: 16 sec
 run:19 HPWL=1930945242 (-1.101%)(-59.930%)   time: 1 sec   all: 18 sec
 run:20 HPWL=1913899735 (-0.883%)(-60.284%)   time: 1 sec   all: 19 sec
 run:21 HPWL=1900824354 (-0.683%)(-60.555%)   time: 1 sec   all: 20 sec
 run:22 HPWL=1888286514 (-0.660%)(-60.815%)   time: 1 sec   all: 21 sec
 run:23 HPWL=1877292182 (-0.582%)(-61.043%)   time: 1 sec   all: 22 sec
 run:24 HPWL=1866762971 (-0.561%)(-61.262%)   time: 1 sec   all: 23 sec
 run:25 HPWL=1859170021 (-0.407%)(-61.420%)   time: 1 sec   all: 25 sec
 run:26 HPWL=1852998349 (-0.332%)(-61.548%)   time: 1 sec   all: 26 sec
 run:27 HPWL=1847045136 (-0.321%)(-61.671%)   time: 1 sec   all: 27 sec
 run:28 HPWL=1840787917 (-0.339%)(-61.801%)   time: 1 sec   all: 28 sec
 run:29 HPWL=1834474844 (-0.343%)(-61.932%)   time: 1 sec   all: 30 sec
 run:30 HPWL=1829598375 (-0.266%)(-62.033%)   time: 1 sec   all: 31 sec
 run:31 HPWL=1825877364 (-0.203%)(-62.110%)   time: 1 sec   all: 32 sec
 run:32 HPWL=1822263760 (-0.198%)(-62.185%)   time: 1 sec   all: 33 sec
 run:33 HPWL=1812298119 (-0.547%)(-62.392%)   time: 1 sec   all: 35 sec

HPWL: 1812298119 (-62.39%)


////////////////////
Benchmark: ibm08-cu90

Global HPWL: 4924200469   Time:  250.0 sec (4.2 min)
 Legal HPWL: 4818942067   Time:   16.0 sec (0.3 min)
Detail HPWL: 1812298119   Time:   48.0 sec (0.8 min)
 ===================================================================
       HPWL: 1812298119   Time:  314.0 sec (5.2 min)
Benchmark: ibm09-cu90
HPWL: 26045716
Memory usage: 27.3 MB
Core region: (-62172,-61936)-(62238,62048)

////// Global Placement ///////
mb: 2.4364

HPWL: 5006652869

////// Legalization ///////
macro size: 0
----legalization success!

HPWL: 4939893252 (-1.33%)

////// Detail Placement ///////
 run: 0 HPWL=4527125451 (-8.356%)(-8.356%)   time: 0 sec   all: 0 sec
 run: 1 HPWL=4202633015 (-7.168%)(-14.925%)   time: 0 sec   all: 0 sec
 run: 2 HPWL=3888409998 (-7.477%)(-21.286%)   time: 0 sec   all: 1 sec
 run: 3 HPWL=3633085955 (-6.566%)(-26.454%)   time: 0 sec   all: 1 sec
 run: 4 HPWL=3397102705 (-6.495%)(-31.231%)   time: 0 sec   all: 2 sec
 run: 5 HPWL=3206644680 (-5.606%)(-35.087%)   time: 0 sec   all: 2 sec
 run: 6 HPWL=3000295236 (-6.435%)(-39.264%)   time: 0 sec   all: 3 sec
 run: 7 HPWL=2840529857 (-5.325%)(-42.498%)   time: 0 sec   all: 3 sec
 run: 8 HPWL=2680879060 (-5.620%)(-45.730%)   time: 0 sec   all: 4 sec
 run: 9 HPWL=2555004085 (-4.695%)(-48.278%)   time: 0 sec   all: 5 sec
 run:10 HPWL=2455767183 (-3.884%)(-50.287%)   time: 0 sec   all: 6 sec
 run:11 HPWL=2373319857 (-3.357%)(-51.956%)   time: 0 sec   all: 6 sec
 run:12 HPWL=2301172707 (-3.040%)(-53.417%)   time: 0 sec   all: 7 sec
 run:13 HPWL=2233939459 (-2.922%)(-54.778%)   time: 0 sec   all: 8 sec
 run:14 HPWL=2177295533 (-2.536%)(-55.924%)   time: 0 sec   all: 9 sec
 run:15 HPWL=2136089684 (-1.893%)(-56.758%)   time: 1 sec   all: 10 sec
 run:16 HPWL=2103677334 (-1.517%)(-57.415%)   time: 0 sec   all: 11 sec
 run:17 HPWL=2075100556 (-1.358%)(-57.993%)   time: 0 sec   all: 12 sec
 run:18 HPWL=2049212147 (-1.248%)(-58.517%)   time: 0 sec   all: 13 sec
 run:19 HPWL=2025225871 (-1.171%)(-59.003%)   time: 0 sec   all: 14 sec
 run:20 HPWL=2007893610 (-0.856%)(-59.354%)   time: 1 sec   all: 15 sec
 run:21 HPWL=1994266251 (-0.679%)(-59.629%)   time: 0 sec   all: 16 sec
 run:22 HPWL=1980947095 (-0.668%)(-59.899%)   time: 0 sec   all: 17 sec
 run:23 HPWL=1968238965 (-0.642%)(-60.156%)   time: 0 sec   all: 18 sec
 run:24 HPWL=1955692206 (-0.637%)(-60.410%)   time: 0 sec   all: 19 sec
 run:25 HPWL=1946788333 (-0.455%)(-60.590%)   time: 1 sec   all: 20 sec
 run:26 HPWL=1939613480 (-0.369%)(-60.736%)   time: 0 sec   all: 21 sec
 run:27 HPWL=1933098466 (-0.336%)(-60.868%)   time: 0 sec   all: 22 sec
 run:28 HPWL=1926612312 (-0.336%)(-60.999%)   time: 0 sec   all: 23 sec
 run:29 HPWL=1919305742 (-0.379%)(-61.147%)   time: 0 sec   all: 24 sec
 run:30 HPWL=1914208766 (-0.266%)(-61.250%)   time: 1 sec   all: 25 sec
 run:31 HPWL=1909607936 (-0.240%)(-61.343%)   time: 0 sec   all: 26 sec
 run:32 HPWL=1905006007 (-0.241%)(-61.436%)   time: 0 sec   all: 27 sec
 run:33 HPWL=1900208650 (-0.252%)(-61.533%)   time: 0 sec   all: 28 sec
 run:34 HPWL=1895090354 (-0.269%)(-61.637%)   time: 0 sec   all: 29 sec
 run:35 HPWL=1891657573 (-0.181%)(-61.707%)   time: 1 sec   all: 30 sec
 run:36 HPWL=1883127275 (-0.451%)(-61.879%)   time: 1 sec   all: 31 sec

HPWL: 1883127275 (-61.88%)


////////////////////
Benchmark: ibm09-cu90

Global HPWL: 5006652869   Time:  242.0 sec (4.0 min)
 Legal HPWL: 4939893252   Time:   17.0 sec (0.3 min)
Detail HPWL: 1883127275   Time:   44.0 sec (0.7 min)
 ===================================================================
       HPWL: 1883127275   Time:  303.0 sec (5.0 min)
