alpha = 0.25

==================== Summary ====================
 Total block number: 33
 Total terminal number: 40
 Total net number:  121
 Final cost: 397307
 Total wirelength: 91486.5
 Chip area: 1314768
 Chip width: 1204
 Chip height: 1092
 Total runtime: 0.903431
=================================================


==================== Summary ====================
 Total block number: 49
 Total terminal number: 22
 Total net number:  396
 Final cost: 1.1382e+07
 Total wirelength: 2.08715e+06
 Chip area: 39266640
 Chip width: 5292
 Chip height: 7420
 Total runtime: 8.54501
=================================================


==================== Summary ====================
 Total block number: 9
 Total terminal number: 73
 Total net number:  96
 Final cost: 1.40825e+07
 Total wirelength: 889082
 Chip area: 53662944
 Chip width: 9764
 Chip height: 5496
 Total runtime: 0.060978
=================================================


==================== Summary ====================
 Total block number: 11
 Total terminal number: 45
 Total net number:  70
 Final cost: 2.9236e+06
 Total wirelength: 252531
 Chip area: 10936800
 Chip width: 4340
 Chip height: 2520
 Total runtime: 0.066804
=================================================


==================== Summary ====================
 Total block number: 10
 Total terminal number: 2
 Total net number:  182
 Final cost: 6.21798e+06
 Total wirelength: 584212
 Chip area: 23119278
 Chip width: 5523
 Chip height: 4186
 Total runtime: 0.11683
=================================================

[Eval] Warning: Only sopprot alpha=0.5 for public evaluation. The temporary score would not be correct!
[Eval] Run cmd: ./evaluator/checker ./input/ami33.block ./input/ami33.nets ./output/ami33.output 0.25

Checking Report...
cost:       actual  397306.875000/reported 397307.000000
wirelength: actual  91486.500000/reported 91486.500000
area:       actual  1314768.000000/reported 1314768.000000
width:      outline 1326/actual 1204/reported 1204.000000
height:     outline 1205/actual 1092/reported 1092.000000
runtime: 0.903431

Congradulations, your results are correct

[Eval] Your area & wirelength: 1314768.000000 & 91486.500000
[Eval] Your runtime: 0.903431
[Eval] Your normalized cost = 0.25*(A-minA)/(maxA-minA) + 0.75*(WL-minWL)/(maxWL-minWL) = 0.267366
[Eval] SCORE = QUALITY_SCORE*0.8 + RUNTIME_SCORE*0.2
             = 3.238828*0.8 + 6.997068*0.2
             = 3.99047
[Eval] Warning: Only sopprot alpha=0.5 for public evaluation. The temporary score would not be correct!
[Eval] Run cmd: ./evaluator/checker ./input/ami49.block ./input/ami49.nets ./output/ami49.output 0.25

Checking Report...
cost:       actual  10597272.000000/reported 11382000.000000
wirelength: actual  1040816.000000/reported 2087150.000000
area:       actual  39266640.000000/reported 39266640.000000
width:      outline 5336/actual 5292/reported 5292.000000
height:     outline 7673/actual 7420/reported 7420.000000
runtime: 8.545010

Congradulations, your results are correct

[Eval] Your area & wirelength: 39266640.000000 & 1040816.000000
[Eval] Your runtime: 8.545010
[Eval] Your normalized cost = 0.25*(A-minA)/(maxA-minA) + 0.75*(WL-minWL)/(maxWL-minWL) = 0.0554802
[Eval] SCORE = QUALITY_SCORE*0.8 + RUNTIME_SCORE*0.2
             = 8.3791717*0.8 + 5.4351451*0.2
             = 7.79037
[Eval] Warning: Only sopprot alpha=0.5 for public evaluation. The temporary score would not be correct!
[Eval] Run cmd: ./evaluator/checker ./input/apte.block ./input/apte.nets ./output/apte.output 0.25

Checking Report...
cost:       actual  14082548.000000/reported 14082500.000000
wirelength: actual  889082.000000/reported 889082.000000
area:       actual  53662944.000000/reported 53662944.000000
width:      outline 11894/actual 9764/reported 9764.000000
height:     outline 6314/actual 5496/reported 5496.000000
runtime: 0.060978

Congradulations, your results are correct

[Eval] Your area & wirelength: 53662944.000000 & 889082.000000
[Eval] Your runtime: 0.060978
[Eval] Your normalized cost = 0.25*(A-minA)/(maxA-minA) + 0.75*(WL-minWL)/(maxWL-minWL) = 0.448532
[Eval] SCORE = QUALITY_SCORE*0.8 + RUNTIME_SCORE*0.2
             = 5.3236947*0.8 + 7.4584166*0.2
             = 5.75064
[Eval] Warning: Only sopprot alpha=0.5 for public evaluation. The temporary score would not be correct!
[Eval] Run cmd: ./evaluator/checker ./input/hp.block ./input/hp.nets ./output/hp.output 0.25

Checking Report...
cost:       actual  2923598.250000/reported 2923600.000000
wirelength: actual  252531.000000/reported 252531.000000
area:       actual  10936800.000000/reported 10936800.000000
width:      outline 5412/actual 4340/reported 4340.000000
height:     outline 3704/actual 2520/reported 2520.000000
runtime: 0.066804

Congradulations, your results are correct

[Eval] Your area & wirelength: 10936800.000000 & 252531.000000
[Eval] Your runtime: 0.066804
[Eval] Your normalized cost = 0.25*(A-minA)/(maxA-minA) + 0.75*(WL-minWL)/(maxWL-minWL) = 0.094815
[Eval] SCORE = QUALITY_SCORE*0.8 + RUNTIME_SCORE*0.2
             = 9.4669411*0.8 + 7.6018487*0.2
             = 9.09392
[Eval] Warning: Only sopprot alpha=0.5 for public evaluation. The temporary score would not be correct!
[Eval] Run cmd: ./evaluator/checker ./input/xerox.block ./input/xerox.nets ./output/xerox.output 0.25

Checking Report...
cost:       actual  6217978.500000/reported 6217980.000000
wirelength: actual  584212.000000/reported 584212.000000
area:       actual  23119278.000000/reported 23119278.000000
width:      outline 6937/actual 5523/reported 5523.000000
height:     outline 5379/actual 4186/reported 4186.000000
runtime: 0.116830

Congradulations, your results are correct

[Eval] Your area & wirelength: 23119278.000000 & 584212.000000
[Eval] Your runtime: 0.116830
[Eval] Your normalized cost = 0.25*(A-minA)/(maxA-minA) + 0.75*(WL-minWL)/(maxWL-minWL) = 0.242465
[Eval] SCORE = QUALITY_SCORE*0.8 + RUNTIME_SCORE*0.2
             = 5.6698309*0.8 + 7.66940797*0.2
             = 6.06974
alpha = 0.5

==================== Summary ====================
 Total block number: 33
 Total terminal number: 40
 Total net number:  121
 Final cost: 717855
 Total wirelength: 109966
 Chip area: 1325744
 Chip width: 1246
 Chip height: 1064
 Total runtime: 0.925656
=================================================


==================== Summary ====================
 Total block number: 49
 Total terminal number: 22
 Total net number:  396
 Final cost: 2.10932e+07
 Total wirelength: 2.39063e+06
 Chip area: 39795840
 Chip width: 5264
 Chip height: 7560
 Total runtime: 8.2124
=================================================


==================== Summary ====================
 Total block number: 9
 Total terminal number: 73
 Total net number:  96
 Final cost: 2.70221e+07
 Total wirelength: 1.79044e+06
 Chip area: 52253820
 Chip width: 9518
 Chip height: 5490
 Total runtime: 0.123644
=================================================


==================== Summary ====================
 Total block number: 11
 Total terminal number: 45
 Total net number:  70
 Final cost: 5.00194e+06
 Total wirelength: 287762
 Chip area: 9716112
 Chip width: 4284
 Chip height: 2268
 Total runtime: 0.063931
=================================================


==================== Summary ====================
 Total block number: 10
 Total terminal number: 2
 Total net number:  182
 Final cost: 1.08378e+07
 Total wirelength: 548799
 Chip area: 21126742
 Chip width: 5047
 Chip height: 4186
 Total runtime: 0.116193
=================================================

[Eval] Run cmd: ./evaluator/checker ./input/ami33.block ./input/ami33.nets ./output/ami33.output 0.5

Checking Report...
cost:       actual  717855.250000/reported 717855.000000
wirelength: actual  109966.500000/reported 109966.000000
area:       actual  1325744.000000/reported 1325744.000000
width:      outline 1326/actual 1246/reported 1246.000000
height:     outline 1205/actual 1064/reported 1064.000000
runtime: 0.925656

Congradulations, your results are correct

[Eval] Your area & wirelength: 1325744.000000 & 109966.500000
[Eval] Your runtime: 0.925656
[Eval] Your normalized cost = 0.5*(A-minA)/(maxA-minA) + 0.5*(WL-minWL)/(maxWL-minWL) = 0.414917
[Eval] SCORE = QUALITY_SCORE*0.8 + RUNTIME_SCORE*0.2
             = 2.07817*0.8 + 6.985042*0.2
             = 3.05955
[Eval] Run cmd: ./evaluator/checker ./input/ami49.block ./input/ami49.nets ./output/ami49.output 0.5

Checking Report...
cost:       actual  20560684.000000/reported 21093200.000000
wirelength: actual  1325527.000000/reported 2390630.000000
area:       actual  39795840.000000/reported 39795840.000000
width:      outline 5336/actual 5264/reported 5264.000000
height:     outline 7673/actual 7560/reported 7560.000000
runtime: 8.212400

Congradulations, your results are correct

[Eval] Your area & wirelength: 39795840.000000 & 1325527.000000
[Eval] Your runtime: 8.212400
[Eval] Your normalized cost = 0.5*(A-minA)/(maxA-minA) + 0.5*(WL-minWL)/(maxWL-minWL) = 0.100163
[Eval] SCORE = QUALITY_SCORE*0.8 + RUNTIME_SCORE*0.2
             = 7.7395679*0.8 + 5.4790672*0.2
             = 7.28746
[Eval] Run cmd: ./evaluator/checker ./input/apte.block ./input/apte.nets ./output/apte.output 0.5

Checking Report...
cost:       actual  26519088.000000/reported 27022100.000000
wirelength: actual  784355.000000/reported 1790440.000000
area:       actual  52253820.000000/reported 52253820.000000
width:      outline 11894/actual 9518/reported 9518.000000
height:     outline 6314/actual 5490/reported 5490.000000
runtime: 0.123644

Congradulations, your results are correct

[Eval] Your area & wirelength: 52253820.000000 & 784355.000000
[Eval] Your runtime: 0.123644
[Eval] Your normalized cost = 0.5*(A-minA)/(maxA-minA) + 0.5*(WL-minWL)/(maxWL-minWL) = 0.234072
[Eval] SCORE = QUALITY_SCORE*0.8 + RUNTIME_SCORE*0.2
             = 7.5337469*0.8 + 7.13341429*0.2
             = 7.45368
[Eval] Run cmd: ./evaluator/checker ./input/hp.block ./input/hp.nets ./output/hp.output 0.5

Checking Report...
cost:       actual  5001937.000000/reported 5001940.000000
wirelength: actual  287762.000000/reported 287762.000000
area:       actual  9716112.000000/reported 9716112.000000
width:      outline 5412/actual 4284/reported 4284.000000
height:     outline 3704/actual 2268/reported 2268.000000
runtime: 0.063931

Congradulations, your results are correct

[Eval] Your area & wirelength: 9716112.000000 & 287762.000000
[Eval] Your runtime: 0.063931
[Eval] Your normalized cost = 0.5*(A-minA)/(maxA-minA) + 0.5*(WL-minWL)/(maxWL-minWL) = 0.227701
[Eval] SCORE = QUALITY_SCORE*0.8 + RUNTIME_SCORE*0.2
             = 9.4206079*0.8 + 7.610015*0.2
             = 9.05849
[Eval] Run cmd: ./evaluator/checker ./input/xerox.block ./input/xerox.nets ./output/xerox.output 0.5

Checking Report...
cost:       actual  10837770.000000/reported 10837800.000000
wirelength: actual  548799.000000/reported 548799.000000
area:       actual  21126742.000000/reported 21126742.000000
width:      outline 6937/actual 5047/reported 5047.000000
height:     outline 5379/actual 4186/reported 4186.000000
runtime: 0.116193

Congradulations, your results are correct

[Eval] Your area & wirelength: 21126742.000000 & 548799.000000
[Eval] Your runtime: 0.116193
[Eval] Your normalized cost = 0.5*(A-minA)/(maxA-minA) + 0.5*(WL-minWL)/(maxWL-minWL) = 0.129272
[Eval] SCORE = QUALITY_SCORE*0.8 + RUNTIME_SCORE*0.2
             = 6.7861099*0.8 + 7.67089755*0.2
             = 6.96307
alpha = 0.75

==================== Summary ====================
 Total block number: 33
 Total terminal number: 40
 Total net number:  121
 Final cost: 1.03175e+06
 Total wirelength: 100676
 Chip area: 1342110
 Chip width: 1162
 Chip height: 1155
 Total runtime: 0.934667
=================================================


==================== Summary ====================
 Total block number: 49
 Total terminal number: 22
 Total net number:  396
 Final cost: 3.19174e+07
 Total wirelength: 1.07424e+07
 Chip area: 38975776
 Chip width: 5194
 Chip height: 7504
 Total runtime: 38.2565
=================================================


==================== Summary ====================
 Total block number: 9
 Total terminal number: 73
 Total net number:  96
 Final cost: 3.99965e+07
 Total wirelength: 3.71276e+06
 Chip area: 52091088
 Chip width: 9478
 Chip height: 5496
 Total runtime: 0.248224
=================================================


==================== Summary ====================
 Total block number: 11
 Total terminal number: 45
 Total net number:  70
 Final cost: 7.23155e+06
 Total wirelength: 605175
 Chip area: 9440340
 Chip width: 3458
 Chip height: 2730
 Total runtime: 0.125239
=================================================


==================== Summary ====================
 Total block number: 10
 Total terminal number: 2
 Total net number:  182
 Final cost: 1.64179e+07
 Total wirelength: 567780
 Chip area: 21701316
 Chip width: 4641
 Chip height: 4676
 Total runtime: 0.122411
=================================================

[Eval] Warning: Only sopprot alpha=0.5 for public evaluation. The temporary score would not be correct!
[Eval] Run cmd: ./evaluator/checker ./input/ami33.block ./input/ami33.nets ./output/ami33.output 0.75

Checking Report...
cost:       actual  1031751.500000/reported 1031750.000000
wirelength: actual  100676.000000/reported 100676.000000
area:       actual  1342110.000000/reported 1342110.000000
width:      outline 1326/actual 1162/reported 1162.000000
height:     outline 1205/actual 1155/reported 1155.000000
runtime: 0.934667

Congradulations, your results are correct

[Eval] Your area & wirelength: 1342110.000000 & 100676.000000
[Eval] Your runtime: 0.934667
[Eval] Your normalized cost = 0.75*(A-minA)/(maxA-minA) + 0.25*(WL-minWL)/(maxWL-minWL) = 0.383429
[Eval] SCORE = QUALITY_SCORE*0.8 + RUNTIME_SCORE*0.2
             = 2.32586*0.8 + 6.9801658*0.2
             = 3.25672
[Eval] Warning: Only sopprot alpha=0.5 for public evaluation. The temporary score would not be correct!
[Eval] Run cmd: ./evaluator/checker ./input/ami49.block ./input/ami49.nets ./output/ami49.output 0.75

Checking Report...
cost:       actual  29526406.000000/reported 31917400.000000
wirelength: actual  1178296.000000/reported 10742400.000000
area:       actual  38975776.000000/reported 38975776.000000
width:      outline 5336/actual 5194/reported 5194.000000
height:     outline 7673/actual 7504/reported 7504.000000
runtime: 38.256500

Congradulations, your results are correct

[Eval] Your area & wirelength: 38975776.000000 & 1178296.000000
[Eval] Your runtime: 38.256500
[Eval] Your normalized cost = 0.75*(A-minA)/(maxA-minA) + 0.25*(WL-minWL)/(maxWL-minWL) = 0.0459901
[Eval] SCORE = QUALITY_SCORE*0.8 + RUNTIME_SCORE*0.2
             = 8.9384011*0.8 + 4.887340*0.2
             = 8.128188
[Eval] Warning: Only sopprot alpha=0.5 for public evaluation. The temporary score would not be correct!
[Eval] Run cmd: ./evaluator/checker ./input/apte.block ./input/apte.nets ./output/apte.output 0.75

Checking Report...
cost:       actual  39266280.000000/reported 39996500.000000
wirelength: actual  791857.000000/reported 3712760.000000
area:       actual  52091088.000000/reported 52091088.000000
width:      outline 11894/actual 9478/reported 9478.000000
height:     outline 6314/actual 5496/reported 5496.000000
runtime: 0.248224

Congradulations, your results are correct

[Eval] Your area & wirelength: 52091088.000000 & 791857.000000
[Eval] Your runtime: 0.248224
[Eval] Your normalized cost = 0.75*(A-minA)/(maxA-minA) + 0.25*(WL-minWL)/(maxWL-minWL) = 0.218334
[Eval] SCORE = QUALITY_SCORE*0.8 + RUNTIME_SCORE*0.2
             = 7.7663356*0.8 + 6.873337*0.2
             = 7.58774
[Eval] Warning: Only sopprot alpha=0.5 for public evaluation. The temporary score would not be correct!
[Eval] Run cmd: ./evaluator/checker ./input/hp.block ./input/hp.nets ./output/hp.output 0.75

Checking Report...
cost:       actual  7153186.000000/reported 7231550.000000
wirelength: actual  291724.000000/reported 605175.000000
area:       actual  9440340.000000/reported 9440340.000000
width:      outline 5412/actual 3458/reported 3458.000000
height:     outline 3704/actual 2730/reported 2730.000000
runtime: 0.125239

Congradulations, your results are correct

[Eval] Your area & wirelength: 9440340.000000 & 291724.000000
[Eval] Your runtime: 0.125239
[Eval] Your normalized cost = 0.75*(A-minA)/(maxA-minA) + 0.25*(WL-minWL)/(maxWL-minWL) = 0.142039
[Eval] SCORE = QUALITY_SCORE*0.8 + RUNTIME_SCORE*0.2
             = 9.4504756*0.8 + 7.3535958*0.2
             = 9.03110
[Eval] Warning: Only sopprot alpha=0.5 for public evaluation. The temporary score would not be correct!
[Eval] Run cmd: ./evaluator/checker ./input/xerox.block ./input/xerox.nets ./output/xerox.output 0.75

Checking Report...
cost:       actual  16417932.000000/reported 16417900.000000
wirelength: actual  567779.500000/reported 567780.000000
area:       actual  21701316.000000/reported 21701316.000000
width:      outline 6937/actual 4641/reported 4641.000000
height:     outline 5379/actual 4676/reported 4676.000000
runtime: 0.122411

Congradulations, your results are correct

[Eval] Your area & wirelength: 21701316.000000 & 567779.500000
[Eval] Your runtime: 0.122411
[Eval] Your normalized cost = 0.75*(A-minA)/(maxA-minA) + 0.25*(WL-minWL)/(maxWL-minWL) = 0.166087
[Eval] SCORE = QUALITY_SCORE*0.8 + RUNTIME_SCORE*0.2
             = 6.254436*0.8 + 7.647418*0.2
             = 6.53303
