662928
71602
1254253
1253 1001
0.001531
bk1 560 490 693 826
bk10a 0 742 378 861
bk10b 175 602 336 742
bk10c 336 602 385 721
bk11 0 602 175 721
bk12 0 462 406 602
bk13 1071 0 1211 497
bk14a 574 294 693 490
bk14b 126 336 420 455
bk14c 455 294 574 455
bk15a 588 0 707 266
bk15b 336 0 455 336
bk16 126 210 252 329
bk17a 707 0 889 371
bk17b 889 350 1071 553
bk18 707 371 889 574
bk19 0 378 119 462
bk2 455 0 588 294
bk20 889 0 1071 350
bk21 924 861 1239 1001
bk3 560 861 875 994
bk4 693 595 1253 728
bk5a 420 455 560 588
bk5b 385 602 560 735
bk5c 693 728 924 861
bk6 924 728 1239 861
bk7 1071 497 1253 595
bk8a 126 0 336 210
bk8b 0 0 126 378
bk9a 378 742 560 861
bk9b 0 861 119 980
bk9c 203 861 560 980
bk9d 119 861 203 980
